<?xml version="1.0" encoding="UTF-8"?>
<testng-results ignored="0" total="1" passed="1" failed="0" skipped="0">
  <reporter-output>
  </reporter-output>
  <suite started-at="2023-11-19T23:23:25 EST" name="Default suite" finished-at="2023-11-19T23:23:48 EST" duration-ms="22984">
    <groups>
      <group name="cucumber">
        <method signature="AbstractTestNGCucumberTests.runScenario(io.cucumber.testng.PickleWrapper,io.cucumber.testng.FeatureWrapper)[pri:0, instance:testRunner.CucumberRunnerClass@6692b6c6]" name="runScenario" class="io.cucumber.testng.AbstractTestNGCucumberTests"/>
      </group> <!-- cucumber -->
    </groups>
    <test started-at="2023-11-19T23:23:25 EST" name="Default test" finished-at="2023-11-19T23:23:48 EST" duration-ms="22984">
      <class name="testRunner.CucumberRunnerClass">
        <test-method is-config="true" signature="setUpClass(org.testng.ITestContext)[pri:0, instance:testRunner.CucumberRunnerClass@6692b6c6]" started-at="2023-11-19T23:23:25 EST" name="setUpClass" finished-at="2023-11-19T23:23:25 EST" duration-ms="640" status="PASS">
          <params>
            <param index="0">
              <value>
                <![CDATA[org.testng.TestRunner@1de08775]]>
              </value>
            </param>
          </params>
          <reporter-output>
          </reporter-output>
        </test-method> <!-- setUpClass -->
        <test-method signature="runScenario(io.cucumber.testng.PickleWrapper,io.cucumber.testng.FeatureWrapper)[pri:0, instance:testRunner.CucumberRunnerClass@6692b6c6]" started-at="2023-11-19T23:23:25 EST" name="runScenario" description="Runs Cucumber Scenarios" data-provider="scenarios" finished-at="2023-11-19T23:23:48 EST" duration-ms="22243" status="PASS">
          <params>
            <param index="0">
              <value>
                <![CDATA["User is able to login to DSAlgo Portal and perform validations on Array page"]]>
              </value>
            </param>
            <param index="1">
              <value>
                <![CDATA["Array page validations"]]>
              </value>
            </param>
          </params>
          <reporter-output>
          </reporter-output>
        </test-method> <!-- runScenario -->
        <test-method is-config="true" signature="tearDownClass()[pri:0, instance:testRunner.CucumberRunnerClass@6692b6c6]" started-at="2023-11-19T23:23:48 EST" name="tearDownClass" finished-at="2023-11-19T23:23:48 EST" duration-ms="58" status="PASS">
          <reporter-output>
          </reporter-output>
        </test-method> <!-- tearDownClass -->
      </class> <!-- testRunner.CucumberRunnerClass -->
    </test> <!-- Default test -->
  </suite> <!-- Default suite -->
</testng-results>
